\BOOKMARK [1][-]{section.1}{\376\377\142\100\227\000\217\157\116\366}{}% 1
\BOOKMARK [2][-]{subsection.1.1}{\376\377\000L\000a\000T\000e\000X}{section.1}% 2
\BOOKMARK [2][-]{subsection.1.2}{\376\377\121\154\137\017}{section.1}% 3
\BOOKMARK [2][-]{subsection.1.3}{\376\377\126\376\120\317}{section.1}% 4
\BOOKMARK [2][-]{subsection.1.4}{\376\377\145\207\163\056}{section.1}% 5
\BOOKMARK [2][-]{subsection.1.5}{\376\377\145\207\163\056\173\241\164\006}{section.1}% 6
\BOOKMARK [2][-]{subsection.1.6}{\376\377\000P\000D\000F\177\026\217\221\126\150}{section.1}% 7
\BOOKMARK [1][-]{section.2}{\376\377\150\106\147\266}{}% 8
\BOOKMARK [2][-]{subsection.2.1}{\376\377\147\000\127\372\147\054\166\204\176\323\147\204}{section.2}% 9
\BOOKMARK [2][-]{subsection.2.2}{\376\377\156\220\145\207\116\366\166\204\127\372\147\054\176\323\147\204}{section.2}% 10
\BOOKMARK [3][-]{subsubsection.2.2.1}{\376\377\133\374\212\000\123\072}{subsection.2.2}% 11
\BOOKMARK [2][-]{subsection.2.3}{\376\377\153\143\145\207\123\072}{section.2}% 12
\BOOKMARK [1][-]{section.3}{\376\377\116\055\145\207\217\223\121\145\123\312\133\127\117\123}{}% 13
\BOOKMARK [2][-]{subsection.3.1}{\376\377\116\055\145\207\217\223\121\145\131\004\164\006\145\271\154\325}{section.3}% 14
\BOOKMARK [3][-]{subsubsection.3.1.1}{\376\377\154\325\116\000\377\032\214\003\165\050\000c\000t\000e\000x\133\217\123\005}{subsection.3.1}% 15
\BOOKMARK [3][-]{subsubsection.3.1.2}{\376\377\154\325\116\214\377\032\117\177\165\050\000c\000t\000e\000x\145\207\150\143}{subsection.3.1}% 16
\BOOKMARK [2][-]{subsection.3.2}{\376\377\116\055\145\207\217\223\121\145\142\245\225\031\213\146\124\112}{section.3}% 17
\BOOKMARK [2][-]{subsection.3.3}{\376\377\133\127\117\123}{section.3}% 18
\BOOKMARK [3][-]{subsubsection.3.3.1}{\376\377\133\127\117\123\145\317\213\276\177\156\000\050\177\127\232\154\133\127\117\123\060\001\145\340\210\154\176\277\133\127\117\123\060\001\142\123\133\127\147\072\133\127\117\123\000\051}{subsection.3.3}% 19
\BOOKMARK [3][-]{subsubsection.3.3.2}{\376\377\133\127\117\123\174\373\122\027\213\276\177\156\000\050\174\227\176\306\000\051}{subsection.3.3}% 20
\BOOKMARK [3][-]{subsubsection.3.3.3}{\376\377\133\127\117\123\137\142\162\266\213\276\177\156\000\050\166\364\172\313\060\001\145\234\117\123\060\001\117\052\145\234\117\123\060\001\134\017\127\213\131\047\121\231\000\051}{subsection.3.3}% 21
\BOOKMARK [3][-]{subsubsection.3.3.4}{\376\377\116\055\145\207\133\127\117\123\166\204\213\276\177\156}{subsection.3.3}% 22
\BOOKMARK [3][-]{subsubsection.3.3.5}{\376\377\133\127\117\123\131\047\134\017}{subsection.3.3}% 23
\BOOKMARK [1][-]{section.4}{\376\377\173\307\172\340\176\323\147\204}{}% 24
\BOOKMARK [2][-]{subsection.4.1}{\376\377\144\130\211\201}{section.4}% 25
\BOOKMARK [2][-]{subsection.4.2}{\376\377\143\320\176\262\136\372\172\313}{section.4}% 26
\BOOKMARK [3][-]{subsubsection.4.2.1}{\376\377\150\007\230\230}{subsection.4.2}% 27
\BOOKMARK [3][-]{subsubsection.4.2.2}{\376\377\155\373\122\240\166\356\137\125}{subsection.4.2}% 28
\BOOKMARK [2][-]{subsection.4.3}{\376\377\133\371\123\237\147\145\166\204\213\276\177\156\217\333\210\114\146\364\145\071}{section.4}% 29
\BOOKMARK [3][-]{subsubsection.4.3.1}{\376\377\213\276\177\156\150\007\230\230\134\105\116\055}{subsection.4.3}% 30
\BOOKMARK [3][-]{subsubsection.4.3.2}{\376\377\133\371\000s\000e\000c\000t\000i\000o\000n\124\214\000s\000u\000b\000s\000e\000c\000t\000i\000o\000n\217\333\210\114\213\276\177\156}{subsection.4.3}% 31
\BOOKMARK [1][-]{section.5}{\376\377\122\027\210\150\163\257\130\203}{}% 32
\BOOKMARK [2][-]{subsection.5.1}{\376\377\147\011\136\217\122\027\210\150}{section.5}% 33
\BOOKMARK [2][-]{subsection.5.2}{\376\377\145\340\136\217\122\027\210\150}{section.5}% 34
\BOOKMARK [2][-]{subsection.5.3}{\376\377\211\343\213\364\163\257\130\203}{section.5}% 35
\BOOKMARK [1][-]{section.6}{\376\377\145\160\133\146\121\154\137\017}{}% 36
\BOOKMARK [2][-]{subsection.6.1}{\376\377\162\171\153\212\173\046\123\367}{section.6}% 37
\BOOKMARK [2][-]{subsection.6.2}{\376\377\155\373\122\240\133\217\123\005}{section.6}% 38
\BOOKMARK [2][-]{subsection.6.3}{\376\377\210\114\121\205\121\154\137\017}{section.6}% 39
\BOOKMARK [2][-]{subsection.6.4}{\376\377\136\014\201\112\133\127\153\315}{section.6}% 40
\BOOKMARK [2][-]{subsection.6.5}{\376\377\116\012\116\013\150\007}{section.6}% 41
\BOOKMARK [2][-]{subsection.6.6}{\376\377\122\006\137\017\116\016\150\071\137\017}{section.6}% 42
\BOOKMARK [2][-]{subsection.6.7}{\376\377\217\320\173\227\173\046\123\367}{section.6}% 43
\BOOKMARK [3][-]{subsubsection.6.7.1}{\376\377\146\156\220\032\217\320\173\227\173\046}{subsection.6.7}% 44
\BOOKMARK [3][-]{subsubsection.6.7.2}{\376\377\131\047\127\213\217\320\173\227\173\046}{subsection.6.7}% 45
\BOOKMARK [2][-]{subsection.6.8}{\376\377\150\007\154\350\173\046\123\367}{section.6}% 46
\BOOKMARK [2][-]{subsection.6.9}{\376\377\173\255\131\064}{section.6}% 47
\BOOKMARK [2][-]{subsection.6.10}{\376\377\142\354\123\367\116\016\133\232\165\114\173\046}{section.6}% 48
\BOOKMARK [2][-]{subsection.6.11}{\376\377\131\032\210\114\145\160\133\146\121\154\137\017}{section.6}% 49
\BOOKMARK [3][-]{subsubsection.6.11.1}{\376\377\000g\000a\000t\000h\000e\000r\163\257\130\203}{subsection.6.11}% 50
\BOOKMARK [3][-]{subsubsection.6.11.2}{\376\377\000a\000l\000i\000g\000n\163\257\130\203}{subsection.6.11}% 51
\BOOKMARK [3][-]{subsubsection.6.11.3}{\376\377\000s\000p\000l\000i\000t\163\257\130\203}{subsection.6.11}% 52
\BOOKMARK [3][-]{subsubsection.6.11.4}{\376\377\000c\000a\000s\000e\000s\163\257\130\203}{subsection.6.11}% 53
\BOOKMARK [2][-]{subsection.6.12}{\376\377\133\236\142\030\157\024\176\303}{section.6}% 54
\BOOKMARK [1][-]{section.7}{\376\377\167\351\226\065}{}% 55
\BOOKMARK [2][-]{subsection.7.1}{\376\377\136\070\211\301\167\351\226\065\163\257\130\203}{section.7}% 56
\BOOKMARK [2][-]{subsection.7.2}{\376\377\211\304\203\003\166\204\167\351\226\065\121\231\154\325}{section.7}% 57
\BOOKMARK [2][-]{subsection.7.3}{\376\377\116\011\211\322\167\351\226\065}{section.7}% 58
\BOOKMARK [2][-]{subsection.7.4}{\376\377\122\006\127\127\167\351\226\065}{section.7}% 59
\BOOKMARK [3][-]{subsubsection.7.4.1}{\376\377\116\015\124\053\206\132\133\236\176\277}{subsection.7.4}% 60
\BOOKMARK [3][-]{subsubsection.7.4.2}{\376\377\124\053\152\052\172\326\133\236\176\277}{subsection.7.4}% 61
\BOOKMARK [2][-]{subsection.7.5}{\376\377\210\114\121\205\134\017\167\351\226\065}{section.7}% 62
\BOOKMARK [2][-]{subsection.7.6}{\376\377\000a\000r\000r\000a\000y\163\257\130\203}{section.7}% 63
\BOOKMARK [1][-]{section.8}{\376\377\143\322\126\376}{}% 64
\BOOKMARK [2][-]{subsection.8.1}{\376\377\155\156\122\250\117\123}{section.8}% 65
\BOOKMARK [2][-]{subsection.8.2}{\376\377\117\177\165\050\155\156\122\250\117\123\166\204\136\372\213\256}{section.8}% 66
\BOOKMARK [2][-]{subsection.8.3}{\376\377\226\120\122\066\155\156\122\250\145\110\147\234}{section.8}% 67
\BOOKMARK [2][-]{subsection.8.4}{\376\377\0001\000\327\0001\174\173\127\213\377\010\121\161\116\253\150\007\230\230\377\011}{section.8}% 68
\BOOKMARK [3][-]{subsubsection.8.4.1}{\376\377\155\373\122\240\133\217\123\005}{subsection.8.4}% 69
\BOOKMARK [3][-]{subsubsection.8.4.2}{\376\377\152\041\147\177}{subsection.8.4}% 70
\BOOKMARK [2][-]{subsection.8.5}{\376\377\0002\000\327\0002\174\173\127\213\377\010\162\354\172\313\150\007\230\230\377\011}{section.8}% 71
\BOOKMARK [1][-]{section.9}{\376\377\210\150\150\074}{}% 72
\BOOKMARK [2][-]{subsection.9.1}{\376\377\146\156\220\032\210\150\150\074}{section.9}% 73
\BOOKMARK [3][-]{subsubsection.9.1.1}{\376\377\116\011\176\277\210\150}{subsection.9.1}% 74
\BOOKMARK [3][-]{subsubsection.9.1.2}{\376\377\155\373\122\240\133\217\123\005}{subsection.9.1}% 75
\BOOKMARK [3][-]{subsubsection.9.1.3}{\376\377\150\110\117\213}{subsection.9.1}% 76
\BOOKMARK [2][-]{subsection.9.2}{\376\377\217\333\226\066\162\110}{section.9}% 77
\BOOKMARK [2][-]{subsection.9.3}{\376\377\117\177\165\050\135\345\121\167\143\320\232\330\145\110\163\207}{section.9}% 78
\BOOKMARK [3][-]{subsubsection.9.3.1}{\376\377\117\177\165\050\000E\000x\000c\000e\000l\0002\000L\000a\000t\000e\000x}{subsection.9.3}% 79
\BOOKMARK [3][-]{subsubsection.9.3.2}{\376\377\117\177\165\050\000C\000r\000e\000a\000t\000e\000\040\000L\000a\000T\000e\000X\000\040\000t\000a\000b\000l\000e\000s\000\040\000o\000n\000l\000i\000n\000e}{subsection.9.3}% 80
\BOOKMARK [1][-]{section.10}{\376\377\116\343\170\001}{}% 81
\BOOKMARK [2][-]{subsection.10.1}{\376\377\155\373\122\240\133\217\123\005}{section.10}% 82
\BOOKMARK [2][-]{subsection.10.2}{\376\377\217\333\210\114\116\343\170\001\163\257\130\203\166\204\213\276\177\156}{section.10}% 83
\BOOKMARK [2][-]{subsection.10.3}{\376\377\150\110\117\213}{section.10}% 84
\BOOKMARK [1][-]{section.11}{\376\377\123\302\200\003\145\207\163\056}{}% 85
\BOOKMARK [2][-]{subsection.11.1}{\376\377\146\156\220\032\145\271\154\325}{section.11}% 86
\BOOKMARK [2][-]{subsection.11.2}{\376\377\201\352\122\250\133\374\121\145\145\271\154\325}{section.11}% 87
\BOOKMARK [3][-]{subsubsection.11.2.1}{\376\377\155\373\122\240\143\322\116\366}{subsection.11.2}% 88
\BOOKMARK [3][-]{subsubsection.11.2.2}{\376\377\165\050\000Z\000o\000t\000e\000r\000o\117\335\133\130\145\207\163\056}{subsection.11.2}% 89
\BOOKMARK [3][-]{subsubsection.11.2.3}{\376\377\133\374\121\372\000b\000i\000b\145\207\116\366\136\166\155\373\122\240\201\363\000L\000a\000T\000e\000X}{subsection.11.2}% 90
